<?xml version="1.0" encoding="utf-8"?><testsuites><testsuite name="pytest" errors="0" failures="0" skipped="0" tests="5" time="2.899" timestamp="2022-10-06T09:55:37.204349" hostname="LAPTOP-BB6JI5H1"><testcase classname="test_gmail_rest_api" name="test_get_labels" time="0.552" /><testcase classname="test_gmail_rest_api" name="test_post_msg" time="0.460" /><testcase classname="test_gmail_rest_api" name="test_get_message_positive" time="0.366" /><testcase classname="test_gmail_rest_api" name="test_get_message_negative" time="0.364" /><testcase classname="test_gmail_rest_api" name="test_delete_message" time="0.745" /></testsuite></testsuites>