<?xml version="1.0" encoding="utf-8"?><testsuites><testsuite name="pytest" errors="0" failures="0" skipped="0" tests="5" time="3.343" timestamp="2022-10-06T08:50:26.529189" hostname="LAPTOP-BB6JI5H1"><testcase classname="test_gmail_rest_api" name="test_get_labels" time="0.296" /><testcase classname="test_gmail_rest_api" name="test_post_msg" time="0.479" /><testcase classname="test_gmail_rest_api" name="test_get_message_positive" time="0.373" /><testcase classname="test_gmail_rest_api" name="test_get_message_negative" time="0.548" /><testcase classname="test_gmail_rest_api" name="test_delete_message" time="1.113" /></testsuite></testsuites>